<?xml version="1.0" encoding="UTF-8"?>
<coverage generated="1611829660">
  <project timestamp="1611829660">
    <file name="/var/www/src/Entity/User.php">
      <class name="App\Entity\User" namespace="global">
        <metrics complexity="9" methods="9" coveredmethods="9" conditionals="0" coveredconditionals="0" statements="14" coveredstatements="14" elements="23" coveredelements="23"/>
      </class>
      <line num="16" type="stmt" count="1"/>
      <line num="46" type="method" name="getId" visibility="public" complexity="1" crap="1" count="1"/>
      <line num="48" type="stmt" count="1"/>
      <line num="51" type="method" name="getUsername" visibility="public" complexity="1" crap="1" count="7"/>
      <line num="53" type="stmt" count="7"/>
      <line num="56" type="method" name="setUsername" visibility="public" complexity="1" crap="1" count="11"/>
      <line num="58" type="stmt" count="11"/>
      <line num="60" type="stmt" count="11"/>
      <line num="63" type="method" name="getRoles" visibility="public" complexity="1" crap="1" count="2"/>
      <line num="65" type="stmt" count="2"/>
      <line num="66" type="stmt" count="2"/>
      <line num="68" type="stmt" count="2"/>
      <line num="71" type="method" name="setRoles" visibility="public" complexity="1" crap="1" count="1"/>
      <line num="73" type="stmt" count="1"/>
      <line num="75" type="stmt" count="1"/>
      <line num="78" type="method" name="getPassword" visibility="public" complexity="1" crap="1" count="7"/>
      <line num="80" type="stmt" count="7"/>
      <line num="83" type="method" name="setPassword" visibility="public" complexity="1" crap="1" count="10"/>
      <line num="85" type="stmt" count="10"/>
      <line num="87" type="stmt" count="10"/>
      <line num="90" type="method" name="getSalt" visibility="public" complexity="1" crap="1" count="10"/>
      <line num="92" type="method" name="eraseCredentials" visibility="public" complexity="1" crap="1" count="1"/>
      <metrics loc="93" ncloc="75" classes="1" methods="9" coveredmethods="9" conditionals="0" coveredconditionals="0" statements="15" coveredstatements="15" elements="24" coveredelements="24"/>
    </file>
    <file name="/var/www/src/Repository/UserRepository.php">
      <class name="App\Repository\UserRepository" namespace="global">
        <metrics complexity="3" methods="2" coveredmethods="2" conditionals="0" coveredconditionals="0" statements="8" coveredstatements="8" elements="10" coveredelements="10"/>
      </class>
      <line num="20" type="method" name="__construct" visibility="public" complexity="1" crap="1" count="10"/>
      <line num="22" type="stmt" count="10"/>
      <line num="23" type="stmt" count="10"/>
      <line num="28" type="method" name="upgradePassword" visibility="public" complexity="2" crap="2" count="1"/>
      <line num="30" type="stmt" count="1"/>
      <line num="31" type="stmt" count="1"/>
      <line num="34" type="stmt" count="1"/>
      <line num="35" type="stmt" count="1"/>
      <line num="36" type="stmt" count="1"/>
      <line num="37" type="stmt" count="1"/>
      <metrics loc="67" ncloc="31" classes="1" methods="2" coveredmethods="2" conditionals="0" coveredconditionals="0" statements="8" coveredstatements="8" elements="10" coveredelements="10"/>
    </file>
    <file name="/var/www/src/Security/AuthenticatorHandler.php">
      <class name="App\Security\AuthenticatorHandler" namespace="global">
        <metrics complexity="5" methods="2" coveredmethods="1" conditionals="0" coveredconditionals="0" statements="9" coveredstatements="8" elements="11" coveredelements="9"/>
      </class>
      <line num="16" type="method" name="__construct" visibility="public" complexity="1" crap="1" count="4"/>
      <line num="18" type="stmt" count="4"/>
      <line num="19" type="stmt" count="4"/>
      <line num="21" type="method" name="authenticateRequest" visibility="public" complexity="4" crap="4.05" count="4"/>
      <line num="22" type="stmt" count="4"/>
      <line num="23" type="stmt" count="4"/>
      <line num="24" type="stmt" count="3"/>
      <line num="25" type="stmt" count="3"/>
      <line num="26" type="stmt" count="1"/>
      <line num="27" type="stmt" count="0"/>
      <line num="30" type="stmt" count="1"/>
      <metrics loc="32" ncloc="31" classes="1" methods="2" coveredmethods="1" conditionals="0" coveredconditionals="0" statements="9" coveredstatements="8" elements="11" coveredelements="9"/>
    </file>
    <file name="/var/www/src/Security/Authenticators/AuthenticatorInterface.php">
      <metrics loc="16" ncloc="16" classes="0" methods="0" coveredmethods="0" conditionals="0" coveredconditionals="0" statements="0" coveredstatements="0" elements="0" coveredelements="0"/>
    </file>
    <file name="/var/www/src/Security/Authenticators/JWTAuthenticator.php">
      <class name="App\Security\Authenticators\JWTAuthenticator" namespace="global">
        <metrics complexity="6" methods="5" coveredmethods="5" conditionals="0" coveredconditionals="0" statements="18" coveredstatements="18" elements="23" coveredelements="23"/>
      </class>
      <line num="22" type="method" name="__construct" visibility="public" complexity="1" crap="1" count="4"/>
      <line num="24" type="stmt" count="4"/>
      <line num="25" type="stmt" count="4"/>
      <line num="26" type="stmt" count="4"/>
      <line num="28" type="method" name="supports" visibility="public" complexity="1" crap="1" count="4"/>
      <line num="30" type="stmt" count="4"/>
      <line num="31" type="stmt" count="4"/>
      <line num="32" type="stmt" count="4"/>
      <line num="35" type="stmt" count="4"/>
      <line num="38" type="method" name="getCredentials" visibility="public" complexity="1" crap="1" count="3"/>
      <line num="40" type="stmt" count="3"/>
      <line num="41" type="stmt" count="3"/>
      <line num="42" type="stmt" count="3"/>
      <line num="45" type="stmt" count="3"/>
      <line num="48" type="method" name="getUser" visibility="public" complexity="2" crap="2" count="3"/>
      <line num="50" type="stmt" count="3"/>
      <line num="52" type="stmt" count="2"/>
      <line num="54" type="stmt" count="2"/>
      <line num="56" type="stmt" count="2"/>
      <line num="57" type="stmt" count="1"/>
      <line num="60" type="stmt" count="1"/>
      <line num="63" type="method" name="checkCredentials" visibility="public" complexity="1" crap="1" count="1"/>
      <line num="65" type="stmt" count="1"/>
      <metrics loc="67" ncloc="67" classes="1" methods="5" coveredmethods="5" conditionals="0" coveredconditionals="0" statements="18" coveredstatements="18" elements="23" coveredelements="23"/>
    </file>
    <file name="/var/www/src/Service/JWTCreator.php">
      <class name="App\Service\JWTCreator" namespace="global">
        <metrics complexity="4" methods="2" coveredmethods="2" conditionals="0" coveredconditionals="0" statements="12" coveredstatements="12" elements="14" coveredelements="14"/>
      </class>
      <line num="20" type="method" name="__construct" visibility="public" complexity="1" crap="1" count="6"/>
      <line num="22" type="stmt" count="6"/>
      <line num="23" type="stmt" count="6"/>
      <line num="24" type="stmt" count="6"/>
      <line num="25" type="stmt" count="6"/>
      <line num="27" type="method" name="getNewToken" visibility="public" complexity="3" crap="3" count="6"/>
      <line num="28" type="stmt" count="6"/>
      <line num="30" type="stmt" count="6"/>
      <line num="31" type="stmt" count="1"/>
      <line num="34" type="stmt" count="5"/>
      <line num="35" type="stmt" count="1"/>
      <line num="38" type="stmt" count="4"/>
      <line num="39" type="stmt" count="4"/>
      <line num="42" type="stmt" count="4"/>
      <metrics loc="44" ncloc="44" classes="1" methods="2" coveredmethods="2" conditionals="0" coveredconditionals="0" statements="12" coveredstatements="12" elements="14" coveredelements="14"/>
    </file>
    <metrics files="6" loc="319" ncloc="264" classes="5" methods="20" coveredmethods="19" conditionals="0" coveredconditionals="0" statements="62" coveredstatements="61" elements="82" coveredelements="80"/>
  </project>
</coverage>
